This is pdfTeX, Version 3.14159265-2.6-1.40.16 (TeX Live 2015) (preloaded format=pdflatex 2015.10.8)  15 SEP 2017 11:58
entering extended mode
 restricted \write18 enabled.
 file:line:error style messages enabled.
 %&-line parsing enabled.
**ResearchPlan_Rak.tex
(./ResearchPlan_Rak.tex
LaTeX2e <2015/01/01>
Babel <3.9l> and hyphenation patterns for 79 languages loaded.
(/usr/local/texlive/2015/texmf-dist/tex/latex/base/article.cls
Document Class: article 2014/09/29 v1.4h Standard LaTeX document class
(/usr/local/texlive/2015/texmf-dist/tex/latex/base/size12.clo
File: size12.clo 2014/09/29 v1.4h Standard LaTeX file (size option)
)
\c@part=\count79
\c@section=\count80
\c@subsection=\count81
\c@subsubsection=\count82
\c@paragraph=\count83
\c@subparagraph=\count84
\c@figure=\count85
\c@table=\count86
\abovecaptionskip=\skip41
\belowcaptionskip=\skip42
\bibindent=\dimen102
)
(/usr/local/texlive/2015/texmf-dist/tex/latex/amsmath/amsmath.sty
Package: amsmath 2013/01/14 v2.14 AMS math features
\@mathmargin=\skip43

For additional information on amsmath, use the `?' option.
(/usr/local/texlive/2015/texmf-dist/tex/latex/amsmath/amstext.sty
Package: amstext 2000/06/29 v2.01

(/usr/local/texlive/2015/texmf-dist/tex/latex/amsmath/amsgen.sty
File: amsgen.sty 1999/11/30 v2.0
\@emptytoks=\toks14
\ex@=\dimen103
))
(/usr/local/texlive/2015/texmf-dist/tex/latex/amsmath/amsbsy.sty
Package: amsbsy 1999/11/29 v1.2d
\pmbraise@=\dimen104
)
(/usr/local/texlive/2015/texmf-dist/tex/latex/amsmath/amsopn.sty
Package: amsopn 1999/12/14 v2.01 operator names
)
\inf@bad=\count87
LaTeX Info: Redefining \frac on input line 210.
\uproot@=\count88
\leftroot@=\count89
LaTeX Info: Redefining \overline on input line 306.
\classnum@=\count90
\DOTSCASE@=\count91
LaTeX Info: Redefining \ldots on input line 378.
LaTeX Info: Redefining \dots on input line 381.
LaTeX Info: Redefining \cdots on input line 466.
\Mathstrutbox@=\box26
\strutbox@=\box27
\big@size=\dimen105
LaTeX Font Info:    Redeclaring font encoding OML on input line 566.
LaTeX Font Info:    Redeclaring font encoding OMS on input line 567.
\macc@depth=\count92
\c@MaxMatrixCols=\count93
\dotsspace@=\muskip10
\c@parentequation=\count94
\dspbrk@lvl=\count95
\tag@help=\toks15
\row@=\count96
\column@=\count97
\maxfields@=\count98
\andhelp@=\toks16
\eqnshift@=\dimen106
\alignsep@=\dimen107
\tagshift@=\dimen108
\tagwidth@=\dimen109
\totwidth@=\dimen110
\lineht@=\dimen111
\@envbody=\toks17
\multlinegap=\skip44
\multlinetaggap=\skip45
\mathdisplay@stack=\toks18
LaTeX Info: Redefining \[ on input line 2665.
LaTeX Info: Redefining \] on input line 2666.
)
(/usr/local/texlive/2015/texmf-dist/tex/latex/amsfonts/amssymb.sty
Package: amssymb 2013/01/14 v3.01 AMS font symbols

(/usr/local/texlive/2015/texmf-dist/tex/latex/amsfonts/amsfonts.sty
Package: amsfonts 2013/01/14 v3.01 Basic AMSFonts support
\symAMSa=\mathgroup4
\symAMSb=\mathgroup5
LaTeX Font Info:    Overwriting math alphabet `\mathfrak' in version `bold'
(Font)                  U/euf/m/n --> U/euf/b/n on input line 106.
))
(/usr/local/texlive/2015/texmf-dist/tex/latex/graphics/epsfig.sty
Package: epsfig 1999/02/16 v1.7a (e)psfig emulation (SPQR)

(/usr/local/texlive/2015/texmf-dist/tex/latex/graphics/graphicx.sty
Package: graphicx 2014/10/28 v1.0g Enhanced LaTeX Graphics (DPC,SPQR)

(/usr/local/texlive/2015/texmf-dist/tex/latex/graphics/keyval.sty
Package: keyval 2014/10/28 v1.15 key=value parser (DPC)
\KV@toks@=\toks19
)
(/usr/local/texlive/2015/texmf-dist/tex/latex/graphics/graphics.sty
Package: graphics 2014/10/28 v1.0p Standard LaTeX Graphics (DPC,SPQR)

(/usr/local/texlive/2015/texmf-dist/tex/latex/graphics/trig.sty
Package: trig 1999/03/16 v1.09 sin cos tan (DPC)
)
(/usr/local/texlive/2015/texmf-dist/tex/latex/latexconfig/graphics.cfg
File: graphics.cfg 2010/04/23 v1.9 graphics configuration of TeX Live
)
Package graphics Info: Driver file: pdftex.def on input line 94.

(/usr/local/texlive/2015/texmf-dist/tex/latex/pdftex-def/pdftex.def
File: pdftex.def 2011/05/27 v0.06d Graphics/color for pdfTeX

(/usr/local/texlive/2015/texmf-dist/tex/generic/oberdiek/infwarerr.sty
Package: infwarerr 2010/04/08 v1.3 Providing info/warning/error messages (HO)
)
(/usr/local/texlive/2015/texmf-dist/tex/generic/oberdiek/ltxcmds.sty
Package: ltxcmds 2011/11/09 v1.22 LaTeX kernel commands for general use (HO)
)
\Gread@gobject=\count99
))
\Gin@req@height=\dimen112
\Gin@req@width=\dimen113
)
\epsfxsize=\dimen114
\epsfysize=\dimen115
)
(/usr/local/texlive/2015/texmf-dist/tex/latex/tools/bm.sty
Package: bm 2014/10/28 v1.1c Bold Symbol Support (DPC/FMi)
\symboldoperators=\mathgroup6
\symboldletters=\mathgroup7
\symboldsymbols=\mathgroup8
LaTeX Font Info:    Redeclaring math alphabet \mathbf on input line 141.
LaTeX Info: Redefining \bm on input line 207.
)
(/usr/local/texlive/2015/texmf-dist/tex/latex/tools/indentfirst.sty
Package: indentfirst 1995/11/23 v1.03 Indent first paragraph (DPC)
)
(/usr/local/texlive/2015/texmf-dist/tex/latex/setspace/setspace.sty
Package: setspace 2011/12/19 v6.7a set line spacing
)
(/usr/local/texlive/2015/texmf-dist/tex/latex/graphics/color.sty
Package: color 2014/10/28 v1.1a Standard LaTeX Color (DPC)

(/usr/local/texlive/2015/texmf-dist/tex/latex/latexconfig/color.cfg
File: color.cfg 2007/01/18 v1.5 color configuration of teTeX/TeXLive
)
Package color Info: Driver file: pdftex.def on input line 142.
)
(/usr/local/texlive/2015/texmf-dist/tex/latex/multirow/multirow.sty
\bigstrutjot=\dimen116
)
(/usr/local/texlive/2015/texmf-dist/tex/latex/cite/cite.sty
LaTeX Info: Redefining \cite on input line 302.
LaTeX Info: Redefining \nocite on input line 332.
Package: cite 2015/02/27  v 5.5
)
(/usr/local/texlive/2015/texmf-dist/tex/latex/eurosym/eurosym.sty
Package: eurosym 1998/08/06 v1.1 European currency symbol ``Euro''
\@eurobox=\box28
)
(/usr/local/texlive/2015/texmf-dist/tex/latex/soul/soul.sty
Package: soul 2003/11/17 v2.4 letterspacing/underlining (mf)
\SOUL@word=\toks20
\SOUL@lasttoken=\toks21
\SOUL@cmds=\toks22
\SOUL@buffer=\toks23
\SOUL@token=\toks24
\SOUL@spaceskip=\skip46
\SOUL@ttwidth=\dimen117
\SOUL@uldp=\dimen118
\SOUL@ulht=\dimen119
)
(/usr/local/texlive/2015/texmf-dist/tex/latex/tools/array.sty
Package: array 2014/10/28 v2.4c Tabular extension package (FMi)
\col@sep=\dimen120
\extrarowheight=\dimen121
\NC@list=\toks25
\extratabsurround=\skip47
\backup@length=\skip48
)
(/usr/local/texlive/2015/texmf-dist/tex/latex/lineno/lineno.sty
Package: lineno 2005/11/02 line numbers on paragraphs v4.41
\linenopenalty=\count100
\output=\toks26
\linenoprevgraf=\count101
\linenumbersep=\dimen122
\linenumberwidth=\dimen123
\c@linenumber=\count102
\c@pagewiselinenumber=\count103
\c@LN@truepage=\count104
\c@internallinenumber=\count105
\c@internallinenumbers=\count106
\quotelinenumbersep=\dimen124
\bframerule=\dimen125
\bframesep=\dimen126
\bframebox=\box29
LaTeX Info: Redefining \\ on input line 3056.
)
No file ResearchPlan_Rak.aux.
\openout1 = `ResearchPlan_Rak.aux'.

LaTeX Font Info:    Checking defaults for OML/cmm/m/it on input line 86.
LaTeX Font Info:    ... okay on input line 86.
LaTeX Font Info:    Checking defaults for T1/cmr/m/n on input line 86.
LaTeX Font Info:    ... okay on input line 86.
LaTeX Font Info:    Checking defaults for OT1/cmr/m/n on input line 86.
LaTeX Font Info:    ... okay on input line 86.
LaTeX Font Info:    Checking defaults for OMS/cmsy/m/n on input line 86.
LaTeX Font Info:    ... okay on input line 86.
LaTeX Font Info:    Checking defaults for OMX/cmex/m/n on input line 86.
LaTeX Font Info:    ... okay on input line 86.
LaTeX Font Info:    Checking defaults for U/cmr/m/n on input line 86.
LaTeX Font Info:    ... okay on input line 86.
(/usr/local/texlive/2015/texmf-dist/tex/context/base/supp-pdf.mkii
[Loading MPS to PDF converter (version 2006.09.02).]
\scratchcounter=\count107
\scratchdimen=\dimen127
\scratchbox=\box30
\nofMPsegments=\count108
\nofMParguments=\count109
\everyMPshowfont=\toks27
\MPscratchCnt=\count110
\MPscratchDim=\dimen128
\MPnumerator=\count111
\makeMPintoPDFobject=\count112
\everyMPtoPDFconversion=\toks28
) (/usr/local/texlive/2015/texmf-dist/tex/generic/oberdiek/pdftexcmds.sty
Package: pdftexcmds 2011/11/29 v0.20 Utility functions of pdfTeX for LuaTeX (HO
)

(/usr/local/texlive/2015/texmf-dist/tex/generic/oberdiek/ifluatex.sty
Package: ifluatex 2010/03/01 v1.3 Provides the ifluatex switch (HO)
Package ifluatex Info: LuaTeX not detected.
)
(/usr/local/texlive/2015/texmf-dist/tex/generic/oberdiek/ifpdf.sty
Package: ifpdf 2011/01/30 v2.3 Provides the ifpdf switch (HO)
Package ifpdf Info: pdfTeX in PDF mode is detected.
)
Package pdftexcmds Info: LuaTeX not detected.
Package pdftexcmds Info: \pdf@primitive is available.
Package pdftexcmds Info: \pdf@ifprimitive is available.
Package pdftexcmds Info: \pdfdraftmode found.
)
(/usr/local/texlive/2015/texmf-dist/tex/latex/oberdiek/epstopdf-base.sty
Package: epstopdf-base 2010/02/09 v2.5 Base part for package epstopdf

(/usr/local/texlive/2015/texmf-dist/tex/latex/oberdiek/grfext.sty
Package: grfext 2010/08/19 v1.1 Manage graphics extensions (HO)

(/usr/local/texlive/2015/texmf-dist/tex/generic/oberdiek/kvdefinekeys.sty
Package: kvdefinekeys 2011/04/07 v1.3 Define keys (HO)
))
(/usr/local/texlive/2015/texmf-dist/tex/latex/oberdiek/kvoptions.sty
Package: kvoptions 2011/06/30 v3.11 Key value format for package options (HO)

(/usr/local/texlive/2015/texmf-dist/tex/generic/oberdiek/kvsetkeys.sty
Package: kvsetkeys 2012/04/25 v1.16 Key value parser (HO)

(/usr/local/texlive/2015/texmf-dist/tex/generic/oberdiek/etexcmds.sty
Package: etexcmds 2011/02/16 v1.5 Avoid name clashes with e-TeX commands (HO)
Package etexcmds Info: Could not find \expanded.
(etexcmds)             That can mean that you are not using pdfTeX 1.50 or
(etexcmds)             that some package has redefined \expanded.
(etexcmds)             In the latter case, load this package earlier.
)))
Package grfext Info: Graphics extension search list:
(grfext)             [.png,.pdf,.jpg,.mps,.jpeg,.jbig2,.jb2,.PNG,.PDF,.JPG,.JPE
G,.JBIG2,.JB2,.eps]
(grfext)             \AppendGraphicsExtensions on input line 452.

(/usr/local/texlive/2015/texmf-dist/tex/latex/latexconfig/epstopdf-sys.cfg
File: epstopdf-sys.cfg 2010/07/13 v1.3 Configuration of (r)epstopdf for TeX Liv
e
))
LaTeX Font Info:    Try loading font information for U+msa on input line 88.

(/usr/local/texlive/2015/texmf-dist/tex/latex/amsfonts/umsa.fd
File: umsa.fd 2013/01/14 v3.01 AMS symbols A
)
LaTeX Font Info:    Try loading font information for U+msb on input line 88.

(/usr/local/texlive/2015/texmf-dist/tex/latex/amsfonts/umsb.fd
File: umsb.fd 2013/01/14 v3.01 AMS symbols B
)
(./ResearchPlan_Sec123.tex

LaTeX Warning: Reference `sec:objectives' on page 1 undefined on input line 14.



LaTeX Warning: Citation `PhysRevLett.98.092301' on page 1 undefined on input li
ne 16.


LaTeX Warning: Citation `PhysRevD.31.53' on page 1 undefined on input line 16.


LaTeX Warning: Citation `PhysRevLett.94.111601' on page 1 undefined on input li
ne 16.


LaTeX Warning: Citation `Gale:2012rq' on page 1 undefined on input line 16.


LaTeX Warning: Citation `PhysRevLett.98.092301' on page 1 undefined on input li
ne 16.

[1

{/usr/local/texlive/2015/texmf-var/fonts/map/pdftex/updmap/pdftex.map}]
[2]

LaTeX Warning: Citation `PhysRevLett.99.172301' on page 3 undefined on input li
ne 41.


LaTeX Warning: Citation `PhysRevLett.101.082302' on page 3 undefined on input l
ine 41.


LaTeX Warning: Citation `PhysRevLett.94.111601' on page 3 undefined on input li
ne 41.


LaTeX Warning: Citation `Bouras:2010nt' on page 3 undefined on input line 41.


LaTeX Warning: Citation `Bouras:2012mh' on page 3 undefined on input line 41.


LaTeX Warning: Citation `PhysRevC.90.024904' on page 3 undefined on input line 
41.


LaTeX Warning: Citation `jabref' on page 3 undefined on input line 43.


LaTeX Warning: Citation `Luzum:2012wu' on page 3 undefined on input line 44.


LaTeX Warning: Citation `ALICE:2011ab' on page 3 undefined on input line 44.


LaTeX Warning: Citation `Luzum:2012wu' on page 3 undefined on input line 44.


LaTeX Warning: Citation `Niemi:2015qia' on page 3 undefined on input line 44.


LaTeX Warning: Citation `ALICE:2016kpq' on page 3 undefined on input line 44.


LaTeX Warning: Citation `PhysRevC.86.044908' on page 3 undefined on input line 
44.


LaTeX Warning: Citation `Niemi:2015qia' on page 3 undefined on input line 44.


LaTeX Warning: Citation `Abelev:2013kqa' on page 3 undefined on input line 46.


LaTeX Warning: Citation `Tachibana:2014lja' on page 3 undefined on input line 4
6.


LaTeX Warning: Citation `He:2015pra' on page 3 undefined on input line 47.


LaTeX Warning: Citation `Chatrchyan:2011sx' on page 3 undefined on input line 4
9.


LaTeX Warning: Citation `Chatrchyan:2013kwa' on page 3 undefined on input line 
49.


LaTeX Warning: Citation `Chatrchyan:2014ava' on page 3 undefined on input line 
49.


LaTeX Warning: Citation `Adam:2015ewa' on page 3 undefined on input line 49.


LaTeX Warning: Citation `Khachatryan:2016erx' on page 3 undefined on input line
 49.


LaTeX Warning: Citation `Aamodt:2010jd' on page 3 undefined on input line 49.


LaTeX Warning: Citation `PhysRevLett.106.122002' on page 3 undefined on input l
ine 49.


LaTeX Warning: Citation `Armesto:2008qh' on page 3 undefined on input line 49.


LaTeX Warning: Citation `Renk:2010zx' on page 3 undefined on input line 49.

[3]

LaTeX Warning: Citation `Tachibana:2015qxa' on page 4 undefined on input line 5
1.


LaTeX Warning: Citation `ALICE:2016kpq' on page 4 undefined on input line 53.

[4]

LaTeX Warning: Citation `Poskanzer:1998yz' on page 5 undefined on input line 73
.


LaTeX Warning: Citation `Bilandzic:2010jr' on page 5 undefined on input line 73
.


LaTeX Warning: Citation `Burke:2013yra' on page 5 undefined on input line 73.


LaTeX Warning: Citation `Renk:2011gj' on page 5 undefined on input line 73.


LaTeX Warning: Citation `Niemi:2015qia' on page 5 undefined on input line 73.


LaTeX Warning: Citation `Gyulassy:1994ew' on page 5 undefined on input line 73.



LaTeX Warning: Citation `Lin:2004en' on page 5 undefined on input line 73.


LaTeX Warning: Citation `Lokhtin2006' on page 5 undefined on input line 73.


LaTeX Warning: Citation `Poskanzer:1998yz' on page 5 undefined on input line 73
.


LaTeX Warning: Citation `ALICE:2011ab' on page 5 undefined on input line 73.


LaTeX Warning: Citation `Aad:2014fla' on page 5 undefined on input line 73.


LaTeX Warning: Citation `Bhalerao:2014xra' on page 5 undefined on input line 73
.


LaTeX Warning: Citation `PhysRevLett.95.152301' on page 5 undefined on input li
ne 73.


LaTeX Warning: Citation `PhysRevLett.97.052301' on page 5 undefined on input li
ne 73.


LaTeX Warning: Citation `Khachatryan:2016tfj' on page 5 undefined on input line
 73.


LaTeX Warning: Citation `ALICE:2011ab' on page 5 undefined on input line 75.


LaTeX Warning: Citation `Tachibana:2015qxa' on page 5 undefined on input line 7
5.


LaTeX Warning: Citation `ALICE:2016kpq' on page 5 undefined on input line 75.

[5]

LaTeX Warning: Citation `VonGersdorff:1986tqh' on page 6 undefined on input lin
e 79.


LaTeX Warning: Citation `Dellacasa:1999kf' on page 6 undefined on input line 79
.


LaTeX Warning: Citation `Zimmermann:2015owa' on page 6 undefined on input line 
90.

[6]) (./ResearchPlan_Sec4to8.tex

LaTeX Warning: Reference `fig:LHC-mid-term' on page 7 undefined on input line 1
1.

<LHC-medium-term.png, id=30, 1020.81375pt x 234.8775pt>
File: LHC-medium-term.png Graphic file (type png)

<use LHC-medium-term.png>
Package pdftex.def Info: LHC-medium-term.png used on input line 15.
(pdftex.def)             Requested size: 1020.81126pt x 234.87692pt.
 [7 <./LHC-medium-term.png>]

LaTeX Warning: Citation `ALICE:2016kpq' on page 8 undefined on input line 24.


LaTeX Warning: Reference `tab:timetable' on page 8 undefined on input line 54.


LaTeX Warning: Reference `tab:money' on page 8 undefined on input line 58.

[8]

LaTeX Warning: Reference `tab:personnel' on page 9 undefined on input line 86.

[9]

LaTeX Warning: Reference `sec:researchmethods' on page 10 undefined on input li
ne 121.

[10])
No file ResearchPlan_Rak.bbl.
[11] (./ResearchPlan_Rak.aux)

LaTeX Warning: There were undefined references.


LaTeX Warning: Label(s) may have changed. Rerun to get cross-references right.

 ) 
Here is how much of TeX's memory you used:
 3287 strings out of 493089
 44102 string characters out of 6134842
 110495 words of memory out of 5000000
 6682 multiletter control sequences out of 15000+600000
 19310 words of font info for 72 fonts, out of 8000000 for 9000
 1142 hyphenation exceptions out of 8191
 38i,13n,26p,1486b,266s stack positions out of 5000i,500n,10000p,200000b,80000s
</usr/local/texlive/2015/texmf-dist/fonts/type1/public/amsfonts/cm/cmbx12.pfb
></usr/local/texlive/2015/texmf-dist/fonts/type1/public/amsfonts/cm/cmmi12.pfb>
</usr/local/texlive/2015/texmf-dist/fonts/type1/public/amsfonts/cm/cmmi8.pfb></
usr/local/texlive/2015/texmf-dist/fonts/type1/public/amsfonts/cm/cmr10.pfb></us
r/local/texlive/2015/texmf-dist/fonts/type1/public/amsfonts/cm/cmr12.pfb></usr/
local/texlive/2015/texmf-dist/fonts/type1/public/amsfonts/cm/cmr17.pfb></usr/lo
cal/texlive/2015/texmf-dist/fonts/type1/public/amsfonts/cm/cmr7.pfb></usr/local
/texlive/2015/texmf-dist/fonts/type1/public/amsfonts/cm/cmr8.pfb></usr/local/te
xlive/2015/texmf-dist/fonts/type1/public/amsfonts/cm/cmsy10.pfb></usr/local/tex
live/2015/texmf-dist/fonts/type1/public/eurosym/feymr10.pfb>
Output written on ResearchPlan_Rak.pdf (11 pages, 164799 bytes).
PDF statistics:
 81 PDF objects out of 1000 (max. 8388607)
 56 compressed objects within 1 object stream
 0 named destinations out of 1000 (max. 500000)
 6 words of extra memory for PDF output out of 10000 (max. 10000000)

